  Window.cpp
  Timing.cpp
c:\users\zephyr\documents\github\liddlediddle2\c++final\bengine\timing.cpp(24): warning C4244: 'initializing' : conversion from 'Uint32' to 'float', possible loss of data
c:\users\zephyr\documents\github\liddlediddle2\c++final\bengine\timing.cpp(41): warning C4244: 'initializing' : conversion from 'Uint32' to 'float', possible loss of data
c:\users\zephyr\documents\github\liddlediddle2\c++final\bengine\timing.cpp(44): warning C4244: 'initializing' : conversion from 'Uint32' to 'float', possible loss of data
  TextureCache.cpp
  SpriteBatch.cpp
c:\users\zephyr\documents\github\liddlediddle2\c++final\bengine\spritebatch.cpp(8): warning C4305: 'initializing' : truncation from 'double' to 'const float'
c:\users\zephyr\documents\github\liddlediddle2\c++final\bengine\spritebatch.cpp(53): warning C4018: '<' : signed/unsigned mismatch
c:\users\zephyr\documents\github\liddlediddle2\c++final\bengine\spritebatch.cpp(86): warning C4018: '<' : signed/unsigned mismatch
  Sprite.cpp
  ResourceManager.cpp
  InputManager.cpp
  ImageLoader.cpp
  IOManager.cpp
c:\users\zephyr\documents\github\liddlediddle2\c++final\bengine\iomanager.cpp(19): warning C4244: 'initializing' : conversion from 'std::streamoff' to 'int', possible loss of data
c:\users\zephyr\documents\github\liddlediddle2\c++final\bengine\iomanager.cpp(23): warning C4244: '-=' : conversion from 'std::streamoff' to 'int', possible loss of data
  GLSLProgram.cpp
  Errors.cpp
  Camera2D.cpp
  Bengine.cpp
  Generating Code...
  Bengine.vcxproj -> C:\Users\Zephyr\Documents\GitHub\LiddleDiddle2\C++Final\Debug\Bengine.lib
