Build started 11/15/2014 8:33:51 PM.
     1>Project "C:\Users\Zephyr\Desktop\LiddleDiddle2\C++Final\MagicalTower\MagicalTower.vcxproj" on node 2 (Build target(s)).
     1>ClCompile:
         C:\Program Files (x86)\Microsoft Visual Studio 12.0\VC\bin\CL.exe /c /ZI /nologo /W3 /WX- /sdl /Od /Oy- /D CODE_ANALYSIS /D WIN32 /D _DEBUG /D _CONSOLE /D _LIB /D _UNICODE /D UNICODE /Gm /EHsc /RTC1 /MDd /GS /fp:precise /Zc:wchar_t /Zc:forScope /Fo"Debug\\" /Fd"Debug\vc120.pdb" /Gd /TP /analyze /analyze:plugin"C:\Program Files (x86)\Microsoft Visual Studio 12.0\VC\\bin\localespc.dll" /errorReport:prompt   /analyze:quiet Assignment4GameState.cpp Ball.cpp BasicState.cpp Box.cpp Bullet.cpp ControllerMenuState.cpp DefaultGameStateManager.cpp Drawable.cpp GameObject.cpp GameState.cpp GameStateManager.cpp GameStateProvider.cpp GameWorld.cpp GeneralManager.cpp Ground.cpp IntroGameState.cpp Level.cpp LevelLoader.cpp main.cpp MainGame.cpp MainMenuGameState.cpp MainMenuState.cpp Modality.cpp MultiCharacterSelectState.cpp Pendulum.cpp PhysicsTile.cpp Player.cpp RemedyMenuState.cpp Seesaw.cpp StageSelectState.cpp StartScreenState.cpp TilemapEditorState.cpp tinyxml2.cpp TylerMenuState.cpp Updateable.cpp wall.cpp
         wall.cpp
         Updateable.cpp
         TylerMenuState.cpp
     1>c:\users\zephyr\desktop\liddlediddle2\c++final\magicaltower\tylermenustate.cpp(54): warning C4018: '<' : signed/unsigned mismatch
         tinyxml2.cpp
         TilemapEditorState.cpp
         StartScreenState.cpp
         StageSelectState.cpp
     1>c:\users\zephyr\desktop\liddlediddle2\c++final\magicaltower\stageselectstate.cpp(20): warning C4018: '<' : signed/unsigned mismatch
     1>c:\users\zephyr\desktop\liddlediddle2\c++final\magicaltower\stageselectstate.cpp(25): warning C4018: '<' : signed/unsigned mismatch
     1>c:\users\zephyr\desktop\liddlediddle2\c++final\magicaltower\stageselectstate.cpp(61): warning C4018: '<' : signed/unsigned mismatch
     1>c:\users\zephyr\desktop\liddlediddle2\c++final\magicaltower\stageselectstate.cpp(67): warning C4018: '>' : signed/unsigned mismatch
         Seesaw.cpp
         RemedyMenuState.cpp
     1>c:\users\zephyr\desktop\liddlediddle2\c++final\magicaltower\remedymenustate.cpp(60): warning C4018: '<' : signed/unsigned mismatch
         Player.cpp
         PhysicsTile.cpp
         Pendulum.cpp
         MultiCharacterSelectState.cpp
     1>c:\users\zephyr\desktop\liddlediddle2\c++final\magicaltower\multicharacterselectstate.cpp(187): warning C4305: 'argument' : truncation from 'double' to 'float'
     1>c:\users\zephyr\desktop\liddlediddle2\c++final\magicaltower\multicharacterselectstate.cpp(191): warning C4305: 'argument' : truncation from 'double' to 'float'
     1>c:\users\zephyr\desktop\liddlediddle2\c++final\magicaltower\multicharacterselectstate.cpp(195): warning C4305: 'argument' : truncation from 'double' to 'float'
         Modality.cpp
         MainMenuState.cpp
         MainMenuGameState.cpp
         MainGame.cpp
     1>c:\users\zephyr\desktop\liddlediddle2\c++final\magicaltower\maingame.cpp(133): warning C4244: 'argument' : conversion from 'Sint32' to 'float', possible loss of data
         main.cpp
         LevelLoader.cpp
         Level.cpp
         Running Code Analysis for C/C++...
         Generating Code...
         Compiling...
         IntroGameState.cpp
         Ground.cpp
         GeneralManager.cpp
     1>c:\users\zephyr\desktop\liddlediddle2\c++final\magicaltower\generalmanager.cpp(15): warning C4390: ';' : empty controlled statement found; is this the intent?
     1>c:\users\zephyr\desktop\liddlediddle2\c++final\magicaltower\generalmanager.cpp(45): warning C4018: '<' : signed/unsigned mismatch
         GameWorld.cpp
         GameStateProvider.cpp
         GameStateManager.cpp
         GameState.cpp
         GameObject.cpp
         Drawable.cpp
         DefaultGameStateManager.cpp
         ControllerMenuState.cpp
     1>c:\users\zephyr\desktop\liddlediddle2\c++final\magicaltower\controllermenustate.cpp(38): warning C4018: '<' : signed/unsigned mismatch
     1>c:\users\zephyr\desktop\liddlediddle2\c++final\magicaltower\controllermenustate.cpp(50): warning C4018: '<' : signed/unsigned mismatch
     1>c:\users\zephyr\desktop\liddlediddle2\c++final\magicaltower\controllermenustate.cpp(59): warning C4018: '<' : signed/unsigned mismatch
         Bullet.cpp
         Box.cpp
         BasicState.cpp
         Ball.cpp
         Assignment4GameState.cpp
     1>c:\users\zephyr\desktop\liddlediddle2\c++final\magicaltower\assignment4gamestate.cpp(1): warning C4067: unexpected tokens following preprocessor directive - expected a newline
         Running Code Analysis for C/C++...
         Generating Code...
       Link:
         C:\Program Files (x86)\Microsoft Visual Studio 12.0\VC\bin\link.exe /ERRORREPORT:PROMPT /OUT:"C:\Users\Zephyr\Desktop\LiddleDiddle2\C++Final\Debug\MagicalTower.exe" /INCREMENTAL /NOLOGO glew32.lib glew32s.lib SDL2.lib SDL2main.lib OpenGL32.lib liquidfun.lib Bengine.lib kernel32.lib user32.lib gdi32.lib winspool.lib comdlg32.lib advapi32.lib shell32.lib ole32.lib oleaut32.lib uuid.lib odbc32.lib odbccp32.lib /MANIFEST /MANIFESTUAC:"level='asInvoker' uiAccess='false'" /manifest:embed /DEBUG /PDB:"C:\Users\Zephyr\Desktop\LiddleDiddle2\C++Final\Debug\MagicalTower.pdb" /SUBSYSTEM:CONSOLE /TLBID:1 /DYNAMICBASE /NXCOMPAT /IMPLIB:"C:\Users\Zephyr\Desktop\LiddleDiddle2\C++Final\Debug\MagicalTower.lib" /MACHINE:X86 Debug\Assignment4GameState.obj
         Debug\Ball.obj
         Debug\BasicState.obj
         Debug\Box.obj
         Debug\Bullet.obj
         Debug\ControllerMenuState.obj
         Debug\DefaultGameStateManager.obj
         Debug\Drawable.obj
         Debug\GameObject.obj
         Debug\GameState.obj
         Debug\GameStateManager.obj
         Debug\GameStateProvider.obj
         Debug\GameWorld.obj
         Debug\GeneralManager.obj
         Debug\Ground.obj
         Debug\IntroGameState.obj
         Debug\Level.obj
         Debug\LevelLoader.obj
         Debug\main.obj
         Debug\MainGame.obj
         Debug\MainMenuGameState.obj
         Debug\MainMenuState.obj
         Debug\Modality.obj
         Debug\MultiCharacterSelectState.obj
         Debug\Pendulum.obj
         Debug\PhysicsTile.obj
         Debug\Player.obj
         Debug\RemedyMenuState.obj
         Debug\Seesaw.obj
         Debug\StageSelectState.obj
         Debug\StartScreenState.obj
         Debug\TilemapEditorState.obj
         Debug\tinyxml2.obj
         Debug\TylerMenuState.obj
         Debug\Updateable.obj
         Debug\wall.obj
     1>MSVCRTD.lib(cinitexe.obj) : warning LNK4098: defaultlib 'msvcrt.lib' conflicts with use of other libs; use /NODEFAULTLIB:library
         MagicalTower.vcxproj -> C:\Users\Zephyr\Desktop\LiddleDiddle2\C++Final\Debug\MagicalTower.exe
     1>c:\users\zephyr\desktop\liddlediddle2\c++final\magicaltower\tilemapeditorstate.cpp(167): warning C6011: Dereferencing NULL pointer 'tempArray[i]'. 
     1>c:\users\zephyr\desktop\liddlediddle2\c++final\magicaltower\tilemapeditorstate.cpp(192): warning C6011: Dereferencing NULL pointer 'tileChangedArray[(int)tileCoords.y]'. See line 167 for an earlier location where this can occur
     1>c:\users\zephyr\desktop\liddlediddle2\c++final\magicaltower\tinyxml2.cpp(542): warning C6011: Dereferencing NULL pointer 'returnNode'. 
     1>c:\users\zephyr\desktop\liddlediddle2\c++final\magicaltower\tinyxml2.cpp(1397): warning C6011: Dereferencing NULL pointer 'attrib'. 
     1>c:\users\zephyr\desktop\liddlediddle2\c++final\magicaltower\tinyxml2.cpp(1446): warning C6011: Dereferencing NULL pointer 'attrib'. 
     1>c:\users\zephyr\desktop\liddlediddle2\c++final\magicaltower\tinyxml2.cpp(1662): warning C6011: Dereferencing NULL pointer 'ele'. 
     1>c:\users\zephyr\desktop\liddlediddle2\c++final\magicaltower\tinyxml2.cpp(1671): warning C6011: Dereferencing NULL pointer 'comment'. 
     1>c:\users\zephyr\desktop\liddlediddle2\c++final\magicaltower\tinyxml2.cpp(1680): warning C6011: Dereferencing NULL pointer 'text'. 
     1>c:\users\zephyr\desktop\liddlediddle2\c++final\magicaltower\tinyxml2.cpp(1689): warning C6011: Dereferencing NULL pointer 'dec'. 
     1>c:\users\zephyr\desktop\liddlediddle2\c++final\magicaltower\tinyxml2.cpp(1698): warning C6011: Dereferencing NULL pointer 'unk'. 
     1>Done Building Project "C:\Users\Zephyr\Desktop\LiddleDiddle2\C++Final\MagicalTower\MagicalTower.vcxproj" (Build target(s)).

Build succeeded.

Time Elapsed 00:02:18.59
